<!--  Lockheed SR 71 Blackbird yasim config.

    Masse à vide : 30600 kg (67500 lb)
    Vitesse max  : 3530 km/h (1906.05 kts) à 24000 m (80000 ft) -->

<airplane mass="67500">

  <!-- Approach configuration -->
  <approach speed="190" aoa="12" fuel="0.2">
    <control-setting axis="/controls/engines/engine[0]/throttle" value="0.4"/>
    <control-setting axis="/controls/engines/engine[0]/afterburner" value="0.2"/>
    <control-setting axis="/controls/engines/engine[1]/throttle" value="0.4"/>
    <control-setting axis="/controls/engines/engine[1]/afterburner" value="0.2"/>
    <control-setting axis="/controls/flight/spoilers" value="0.3"/>
    <control-setting axis="/controls/gear/gear-down" value="1"/>
  </approach>

  <!-- Cruise configuration -->
  <cruise speed="1700" alt="80000" fuel="0.8">
    <control-setting axis="/controls/engines/engine[0]/throttle" value="0.7"/>
    <control-setting axis="/controls/engines/engine[0]/afterburner" value="0.7"/>
    <control-setting axis="/controls/engines/engine[1]/throttle" value="0.7"/>
    <control-setting axis="/controls/engines/engine[1]/afterburner" value="0.7"/>
    <control-setting axis="/controls/flight/spoilers" value="0.0"/>
    <control-setting axis="/controls/gear/gear-down" value="0"/>
  </cruise>

  <cockpit x="10.142" y="0.0" z="-0.103"/>

  <fuselage ax="16.367" ay="0.000" az="-1.077" bx="-16.933" by="0.000" bz="-0.286" width="3.738" taper="1" midpoint="0.5"/>

  <wing x="-8.173" y="1.193" z="-0.954"
        chord="15.029" 
        length="7.868"
        taper="0.10" 
        sweep="18" 
        camber="0.8">
        <stall aoa="20" width="3" peak="1.3"/>
        <flap1 start="0.54" end="0.86" lift="1.3" drag="1.2"/>
        <spoiler start="0.54" end="0.86" lift="0.0" drag="10.0"/>

        <control-input axis="/controls/flight/aileron" control="FLAP1" split="true"/>
        <control-input axis="/controls/flight/aileron-trim" control="FLAP1" split="true"/>
        <control-input axis="/controls/flight/spoilers" control="SPOILER"/>

        <control-output control="FLAP1" side="left" prop="/surface-positions/left-aileron-pos-norm"/>
        <control-output control="FLAP1" side="right" prop="/surface-positions/right-aileron-pos-norm"/>
        <control-output control="FLAP1" prop="/surface-positions/aileron-pos-norm"/>

        <control-output control="SPOILER" side="left" prop="/surface-positions/left-spoiler-pos-norm"/>
        <control-output control="SPOILER" side="right" prop="/surface-positions/right-spoiler-pos-norm"/>
        <control-output control="SPOILER" prop="/surface-positions/spoiler-pos-norm"/>

        <control-speed control="FLAP1" transition-time="0.5"/>
        <control-speed control="SPOILER" transition-time="0.5"/>
  </wing>

  <hstab x="-10.678" y="5.101" z="-0.705" 
	 chord="7.855" 
         length="3.339" 
	 taper="0.13">
         <stall aoa="18" width="5" peak="1.3"/>
         <flap0 start="0" end="1" lift="1.35" drag="1.2"/>
         <control-input axis="/controls/flight/elevator" control="FLAP0" square="false"/>
         <control-input axis="/controls/flight/elevator-trim" control="FLAP0"/>

         <control-output control="FLAP0" side="left" prop="surface-positions/left-elevator-pos-norm"/>
         <control-output control="FLAP0" side="right" prop="surface-positions/right-elevator-pos-norm"/>
         <control-output control="FLAP0" prop="surface-positions/elevator-pos-norm"/>

         <control-speed control="FLAP0" transition-time="1"/>
  </hstab>

  <vstab x="-11.966" y="4.083" z="0.495"
         chord="5.208"
         length="2.214"
         taper="0.44"
         diedre="15"
         sweep="16">
         <stall aoa="16" width="5" peak="1.5"/>
         <flap0 start="0" end="0.64" lift="1.25" drag="1.1"/>

         <control-input axis="/controls/flight/rudder" control="FLAP0" invert="true"/>
         <control-input axis="/controls/flight/rudder-trim" control="FLAP0" invert="true"/>

         <control-output control="FLAP0" prop="/surface-positions/rudder-pos-norm"/>

         <control-speed control="FLAP0" transition-time="1"/>
  </vstab>

  <vstab x="-11.966" y="-4.083" z="0.495"
         chord="5.208"
         length="2.214"
         taper="0.44"
         diedre="-15"
         sweep="16">
         <stall aoa="16" width="5" peak="1.5"/>
         <flap0 start="0" end="0.64" lift="1.25" drag="1.1"/>

         <control-input axis="/controls/flight/rudder" control="FLAP0" invert="true"/>
         <control-input axis="/controls/flight/rudder-trim" control="FLAP0" invert="true"/>

         <control-output control="FLAP0" prop="/surface-positions/rudder-pos-norm"/>

         <control-speed control="FLAP0" transition-time="1"/>
  </vstab>
 
<!-- 2 x Pratt & Whitney J-58 
     poussée          : 10900 kg (24000 lb) 
     postcombustion   : 14500 Kg (32000 lb)
     Poid             :  3200 kg ( 7000 lb)
-->
  <jet x="-8.319" y="4.094" z="-0.569"
       mass="7000"
       thrust="24000"
       afterburner="32000">
       <actionpt x="-13.734" y="4.094" z="-0.569"/>
       <control-input axis="/controls/engines/engine[0]/throttle" control="THROTTLE"/>
       <control-input axis="/controls/engines/engine[0]/afterburner" control="REHEAT"/>
  </jet>

  <jet x="-8.319" y="-4.094" z="-0.569"
       mass="7000"
       thrust="24000"
       afterburner="32000">
       <actionpt x="-13.734" y="-4.094" z="-0.569"/>
       <control-input axis="/controls/engines/engine[1]/throttle" control="THROTTLE"/>
       <control-input axis="/controls/engines/engine[1]/afterburner" control="REHEAT"/>
  </jet>

  <!-- nose -->
  <gear x="5.846" y="0" z="-2.933" 
        retract-time="7"
        compression="0.44"
        spring="1.1"
        damp="1.4">
        <control-input axis="/controls/flight/rudder" control="STEER" square="false"/>
        <control-input axis="/controls/gear/gear-down" control="EXTEND"/>
        <control-speed control="EXTEND" transition-time="7"/>
        <control-output control="EXTEND" prop="/gear/gear[0]/position-norm"/>
  </gear>

  <!-- left main -->
  <gear x="-6.491" y="2.444" z="-3.028" 
        retract-time="7" 
        compression="0.72" 
        spring="0.85" 
        damp="2">
        <control-input axis="/controls/gear/brake-left" control="BRAKE"/>
        <control-input axis="/controls/gear/brake-parking" control="BRAKE"/>
        <control-input axis="/controls/gear/gear-down" control="EXTEND"/>
        <control-speed control="EXTEND" transition-time="7"/>
        <control-output control="EXTEND" prop="gear/gear[1]/position-norm"/>
  </gear>

  <!-- right main -->
  <gear x="-6.491" y="-2.444" z="-3.028"
        retract-time="7"
        compression="0.72"
        spring="0.85"
        damp="2">
        <control-input axis="/controls/gear/brake-right" control="BRAKE"/>
        <control-input axis="/controls/gear/brake-parking" control="BRAKE"/>
        <control-input axis="/controls/gear/gear-down" control="EXTEND"/>
        <control-speed control="EXTEND" transition-time="7"/>
        <control-output control="EXTEND" prop="gear/gear[2]/position-norm"/>
  </gear>

  <tank x="2.2" y="0.0" z="-0.8" jet="true" capacity="9016"/>
  <tank x="-2.2" y="0.0" z="-0.8" jet="true" capacity="6922"/>

<!--  <ballast x="-5.0" y="0.0" z="0.0" mass="2000"/> -->

</airplane>
